e:\graphic\whproject\raytracingindxr\book1_08-defocus blur\x64\debug\vc143.pdb
e:\graphic\whproject\raytracingindxr\book1_08-defocus blur\x64\debug\vc143.idb
e:\graphic\whproject\raytracingindxr\book1_08-defocus blur\x64\debug\scene.obj
e:\graphic\whproject\raytracingindxr\book1_08-defocus blur\x64\debug\main.obj
e:\graphic\whproject\raytracingindxr\book1_08-defocus blur\x64\debug\dxrpathtracer.obj
e:\graphic\whproject\raytracingindxr\book1_08-defocus blur\x64\debug\dxhelper.obj
e:\graphic\whproject\raytracingindxr\book1_08-defocus blur\x64\debug\d3d12screen.obj
e:\graphic\whproject\raytracingindxr\book1_08-defocus blur\x64\debug\camera.obj
e:\graphic\whproject\raytracingindxr\book1_08-defocus blur\bin\cso\dxrshader.cso
e:\graphic\whproject\raytracingindxr\book1_08-defocus blur\x64\debug\book1_08-defocus blur.ilk
e:\graphic\whproject\raytracingindxr\book1_08-defocus blur\book1_08-defocus blur.exe
e:\graphic\whproject\raytracingindxr\book1_08-defocus blur\book1_08-defocus blur.pdb
e:\graphic\whproject\raytracingindxr\\book1_08-defocus blur\book1_08-defocus blur.pdb
e:\graphic\whproject\raytracingindxr\book1_08-defocus blur\x64\debug\book1_08.50524ec9.tlog\cl.command.1.tlog
e:\graphic\whproject\raytracingindxr\book1_08-defocus blur\x64\debug\book1_08.50524ec9.tlog\cl.read.1.tlog
e:\graphic\whproject\raytracingindxr\book1_08-defocus blur\x64\debug\book1_08.50524ec9.tlog\cl.write.1.tlog
e:\graphic\whproject\raytracingindxr\book1_08-defocus blur\x64\debug\book1_08.50524ec9.tlog\dxc.command.1.tlog
e:\graphic\whproject\raytracingindxr\book1_08-defocus blur\x64\debug\book1_08.50524ec9.tlog\dxc.read.1.tlog
e:\graphic\whproject\raytracingindxr\book1_08-defocus blur\x64\debug\book1_08.50524ec9.tlog\dxc.write.1.tlog
e:\graphic\whproject\raytracingindxr\book1_08-defocus blur\x64\debug\book1_08.50524ec9.tlog\link.command.1.tlog
e:\graphic\whproject\raytracingindxr\book1_08-defocus blur\x64\debug\book1_08.50524ec9.tlog\link.read.1.tlog
e:\graphic\whproject\raytracingindxr\book1_08-defocus blur\x64\debug\book1_08.50524ec9.tlog\link.write.1.tlog
