e:\graphic\whproject\raytracingindxr\book1_07-dielectrics\x64\debug\vc143.pdb
e:\graphic\whproject\raytracingindxr\book1_07-dielectrics\x64\debug\vc143.idb
e:\graphic\whproject\raytracingindxr\book1_07-dielectrics\x64\debug\scene.obj
e:\graphic\whproject\raytracingindxr\book1_07-dielectrics\x64\debug\main.obj
e:\graphic\whproject\raytracingindxr\book1_07-dielectrics\x64\debug\dxrpathtracer.obj
e:\graphic\whproject\raytracingindxr\book1_07-dielectrics\x64\debug\dxhelper.obj
e:\graphic\whproject\raytracingindxr\book1_07-dielectrics\x64\debug\d3d12screen.obj
e:\graphic\whproject\raytracingindxr\book1_07-dielectrics\x64\debug\camera.obj
e:\graphic\whproject\raytracingindxr\book1_07-dielectrics\bin\cso\dxrshader.cso
e:\graphic\whproject\raytracingindxr\book1_07-dielectrics\book1_07-dielectrics.exe
e:\graphic\whproject\raytracingindxr\book1_07-dielectrics\x64\debug\book1_07-dielectrics.ilk
e:\graphic\whproject\raytracingindxr\book1_07-dielectrics\book1_07-dielectrics.pdb
e:\graphic\whproject\raytracingindxr\\book1_07-dielectrics\book1_07-dielectrics.pdb
e:\graphic\whproject\raytracingindxr\book1_07-dielectrics\x64\debug\book1_07.7709f78a.tlog\cl.command.1.tlog
e:\graphic\whproject\raytracingindxr\book1_07-dielectrics\x64\debug\book1_07.7709f78a.tlog\cl.read.1.tlog
e:\graphic\whproject\raytracingindxr\book1_07-dielectrics\x64\debug\book1_07.7709f78a.tlog\cl.write.1.tlog
e:\graphic\whproject\raytracingindxr\book1_07-dielectrics\x64\debug\book1_07.7709f78a.tlog\dxc.command.1.tlog
e:\graphic\whproject\raytracingindxr\book1_07-dielectrics\x64\debug\book1_07.7709f78a.tlog\dxc.read.1.tlog
e:\graphic\whproject\raytracingindxr\book1_07-dielectrics\x64\debug\book1_07.7709f78a.tlog\dxc.write.1.tlog
e:\graphic\whproject\raytracingindxr\book1_07-dielectrics\x64\debug\book1_07.7709f78a.tlog\link.command.1.tlog
e:\graphic\whproject\raytracingindxr\book1_07-dielectrics\x64\debug\book1_07.7709f78a.tlog\link.read.1.tlog
e:\graphic\whproject\raytracingindxr\book1_07-dielectrics\x64\debug\book1_07.7709f78a.tlog\link.write.1.tlog
