e:\graphic\whproject\raytracingindxr\the rest of your life\x64\debug\vc143.pdb
e:\graphic\whproject\raytracingindxr\the rest of your life\x64\debug\vc143.idb
e:\graphic\whproject\raytracingindxr\the rest of your life\x64\debug\main.obj
e:\graphic\whproject\raytracingindxr\the rest of your life\x64\debug\dxrpathtracer.obj
e:\graphic\whproject\raytracingindxr\the rest of your life\x64\debug\camera.obj
e:\graphic\whproject\raytracingindxr\the rest of your life\x64\debug\dxhelper.obj
e:\graphic\whproject\raytracingindxr\the rest of your life\x64\debug\scene.obj
e:\graphic\whproject\raytracingindxr\the rest of your life\x64\debug\d3d12screen.obj
e:\graphic\whproject\raytracingindxr\the rest of your life\bin\cso\dxrshader.cso
e:\graphic\whproject\raytracingindxr\the rest of your life\the rest of your life.exe
e:\graphic\whproject\raytracingindxr\the rest of your life\x64\debug\the rest of your life.ilk
e:\graphic\whproject\raytracingindxr\the rest of your life\the rest of your life.pdb
e:\graphic\whproject\raytracingindxr\\the rest of your life\the rest of your life.pdb
e:\graphic\whproject\raytracingindxr\the rest of your life\x64\debug\the rest.11674868.tlog\cl.command.1.tlog
e:\graphic\whproject\raytracingindxr\the rest of your life\x64\debug\the rest.11674868.tlog\cl.read.1.tlog
e:\graphic\whproject\raytracingindxr\the rest of your life\x64\debug\the rest.11674868.tlog\cl.write.1.tlog
e:\graphic\whproject\raytracingindxr\the rest of your life\x64\debug\the rest.11674868.tlog\dxc.command.1.tlog
e:\graphic\whproject\raytracingindxr\the rest of your life\x64\debug\the rest.11674868.tlog\dxc.read.1.tlog
e:\graphic\whproject\raytracingindxr\the rest of your life\x64\debug\the rest.11674868.tlog\dxc.write.1.tlog
e:\graphic\whproject\raytracingindxr\the rest of your life\x64\debug\the rest.11674868.tlog\link.command.1.tlog
e:\graphic\whproject\raytracingindxr\the rest of your life\x64\debug\the rest.11674868.tlog\link.read.1.tlog
e:\graphic\whproject\raytracingindxr\the rest of your life\x64\debug\the rest.11674868.tlog\link.write.1.tlog
