e:\graphic\whproject\raytracingindxr\in one weekend\x64\debug\vc143.pdb
e:\graphic\whproject\raytracingindxr\in one weekend\x64\debug\vc143.idb
e:\graphic\whproject\raytracingindxr\in one weekend\x64\debug\scene.obj
e:\graphic\whproject\raytracingindxr\in one weekend\x64\debug\main.obj
e:\graphic\whproject\raytracingindxr\in one weekend\x64\debug\dxrpathtracer.obj
e:\graphic\whproject\raytracingindxr\in one weekend\x64\debug\dxhelper.obj
e:\graphic\whproject\raytracingindxr\in one weekend\x64\debug\d3d12screen.obj
e:\graphic\whproject\raytracingindxr\in one weekend\x64\debug\camera.obj
e:\graphic\whproject\raytracingindxr\in one weekend\bin\cso\dxrshader.cso
e:\graphic\whproject\raytracingindxr\in one weekend\in one weekend.exe
e:\graphic\whproject\raytracingindxr\in one weekend\x64\debug\in one weekend.ilk
e:\graphic\whproject\raytracingindxr\in one weekend\in one weekend.pdb
e:\graphic\whproject\raytracingindxr\\in one weekend\in one weekend.pdb
e:\graphic\whproject\raytracingindxr\in one weekend\x64\debug\in one weekend.tlog\cl.command.1.tlog
e:\graphic\whproject\raytracingindxr\in one weekend\x64\debug\in one weekend.tlog\cl.read.1.tlog
e:\graphic\whproject\raytracingindxr\in one weekend\x64\debug\in one weekend.tlog\cl.write.1.tlog
e:\graphic\whproject\raytracingindxr\in one weekend\x64\debug\in one weekend.tlog\dxc.command.1.tlog
e:\graphic\whproject\raytracingindxr\in one weekend\x64\debug\in one weekend.tlog\dxc.read.1.tlog
e:\graphic\whproject\raytracingindxr\in one weekend\x64\debug\in one weekend.tlog\dxc.write.1.tlog
e:\graphic\whproject\raytracingindxr\in one weekend\x64\debug\in one weekend.tlog\link.command.1.tlog
e:\graphic\whproject\raytracingindxr\in one weekend\x64\debug\in one weekend.tlog\link.read.1.tlog
e:\graphic\whproject\raytracingindxr\in one weekend\x64\debug\in one weekend.tlog\link.write.1.tlog
