e:\graphic\whproject\raytracingindxr\book1_05-diffuse materials\x64\debug\vc143.pdb
e:\graphic\whproject\raytracingindxr\book1_05-diffuse materials\x64\debug\vc143.idb
e:\graphic\whproject\raytracingindxr\book1_05-diffuse materials\x64\debug\scene.obj
e:\graphic\whproject\raytracingindxr\book1_05-diffuse materials\x64\debug\main.obj
e:\graphic\whproject\raytracingindxr\book1_05-diffuse materials\x64\debug\dxrpathtracer.obj
e:\graphic\whproject\raytracingindxr\book1_05-diffuse materials\x64\debug\dxhelper.obj
e:\graphic\whproject\raytracingindxr\book1_05-diffuse materials\x64\debug\d3d12screen.obj
e:\graphic\whproject\raytracingindxr\book1_05-diffuse materials\x64\debug\camera.obj
e:\graphic\whproject\raytracingindxr\book1_05-diffuse materials\bin\cso\dxrshader.cso
e:\graphic\whproject\raytracingindxr\book1_05-diffuse materials\x64\debug\book1_05-diffuse materials.ilk
e:\graphic\whproject\raytracingindxr\book1_05-diffuse materials\book1_05-diffuse materials.exe
e:\graphic\whproject\raytracingindxr\book1_05-diffuse materials\book1_05-diffuse materials.pdb
e:\graphic\whproject\raytracingindxr\\book1_05-diffuse materials\book1_05-diffuse materials.pdb
e:\graphic\whproject\raytracingindxr\book1_05-diffuse materials\x64\debug\book1_05.9e180831.tlog\cl.command.1.tlog
e:\graphic\whproject\raytracingindxr\book1_05-diffuse materials\x64\debug\book1_05.9e180831.tlog\cl.read.1.tlog
e:\graphic\whproject\raytracingindxr\book1_05-diffuse materials\x64\debug\book1_05.9e180831.tlog\cl.write.1.tlog
e:\graphic\whproject\raytracingindxr\book1_05-diffuse materials\x64\debug\book1_05.9e180831.tlog\dxc.command.1.tlog
e:\graphic\whproject\raytracingindxr\book1_05-diffuse materials\x64\debug\book1_05.9e180831.tlog\dxc.read.1.tlog
e:\graphic\whproject\raytracingindxr\book1_05-diffuse materials\x64\debug\book1_05.9e180831.tlog\dxc.write.1.tlog
e:\graphic\whproject\raytracingindxr\book1_05-diffuse materials\x64\debug\book1_05.9e180831.tlog\link.command.1.tlog
e:\graphic\whproject\raytracingindxr\book1_05-diffuse materials\x64\debug\book1_05.9e180831.tlog\link.read.1.tlog
e:\graphic\whproject\raytracingindxr\book1_05-diffuse materials\x64\debug\book1_05.9e180831.tlog\link.write.1.tlog
