e:\graphic\whproject\raytracingindxr\book1_04-surface normals and multiple objects\x64\debug\vc143.pdb
e:\graphic\whproject\raytracingindxr\book1_04-surface normals and multiple objects\x64\debug\vc143.idb
e:\graphic\whproject\raytracingindxr\book1_04-surface normals and multiple objects\x64\debug\scene.obj
e:\graphic\whproject\raytracingindxr\book1_04-surface normals and multiple objects\x64\debug\main.obj
e:\graphic\whproject\raytracingindxr\book1_04-surface normals and multiple objects\x64\debug\dxrpathtracer.obj
e:\graphic\whproject\raytracingindxr\book1_04-surface normals and multiple objects\x64\debug\dxhelper.obj
e:\graphic\whproject\raytracingindxr\book1_04-surface normals and multiple objects\x64\debug\d3d12screen.obj
e:\graphic\whproject\raytracingindxr\book1_04-surface normals and multiple objects\x64\debug\camera.obj
e:\graphic\whproject\raytracingindxr\book1_04-surface normals and multiple objects\bin\cso\dxrshader.cso
e:\graphic\whproject\raytracingindxr\book1_04-surface normals and multiple objects\book1_04-surface normals and multiple objects.exe
e:\graphic\whproject\raytracingindxr\book1_04-surface normals and multiple objects\x64\debug\book1_04-surface normals and multiple objects.ilk
e:\graphic\whproject\raytracingindxr\book1_04-surface normals and multiple objects\book1_04-surface normals and multiple objects.pdb
e:\graphic\whproject\raytracingindxr\\book1_04-surface normals and multiple objects\book1_04-surface normals and multiple objects.pdb
e:\graphic\whproject\raytracingindxr\book1_04-surface normals and multiple objects\x64\debug\book1_04.a5e100b8.tlog\cl.command.1.tlog
e:\graphic\whproject\raytracingindxr\book1_04-surface normals and multiple objects\x64\debug\book1_04.a5e100b8.tlog\cl.read.1.tlog
e:\graphic\whproject\raytracingindxr\book1_04-surface normals and multiple objects\x64\debug\book1_04.a5e100b8.tlog\cl.write.1.tlog
e:\graphic\whproject\raytracingindxr\book1_04-surface normals and multiple objects\x64\debug\book1_04.a5e100b8.tlog\dxc.command.1.tlog
e:\graphic\whproject\raytracingindxr\book1_04-surface normals and multiple objects\x64\debug\book1_04.a5e100b8.tlog\dxc.read.1.tlog
e:\graphic\whproject\raytracingindxr\book1_04-surface normals and multiple objects\x64\debug\book1_04.a5e100b8.tlog\dxc.write.1.tlog
e:\graphic\whproject\raytracingindxr\book1_04-surface normals and multiple objects\x64\debug\book1_04.a5e100b8.tlog\link.command.1.tlog
e:\graphic\whproject\raytracingindxr\book1_04-surface normals and multiple objects\x64\debug\book1_04.a5e100b8.tlog\link.read.1.tlog
e:\graphic\whproject\raytracingindxr\book1_04-surface normals and multiple objects\x64\debug\book1_04.a5e100b8.tlog\link.write.1.tlog
